<?xml version="1.0" encoding="UTF-8" ?>
<testsuite tests="20" failures="0" name="engine.MoveCheckerTest" time="0" errors="0" skipped="0">
  <properties>
    <property name="java.runtime.name" value="Java(TM) SE Runtime Environment"/>
    <property name="java.vm.version" value="11.0.2+9-LTS"/>
    <property name="sun.boot.library.path" value="/usr/lib/jvm/java-11-oracle/lib"/>
    <property name="maven.multiModuleProjectDirectory" value="/home/kevin/tkt/chessBot/ChessBot"/>
    <property name="java.vm.vendor" value="Oracle Corporation"/>
    <property name="java.vendor.url" value="http://java.oracle.com/"/>
    <property name="guice.disable.misplaced.annotation.check" value="true"/>
    <property name="path.separator" value=":"/>
    <property name="java.vm.name" value="Java HotSpot(TM) 64-Bit Server VM"/>
    <property name="sun.os.patch.level" value="unknown"/>
    <property name="user.country" value="US"/>
    <property name="sun.java.launcher" value="SUN_STANDARD"/>
    <property name="java.vm.specification.name" value="Java Virtual Machine Specification"/>
    <property name="user.dir" value="/home/kevin/tkt/chessBot/ChessBot"/>
    <property name="java.vm.compressedOopsMode" value="32-bit"/>
    <property name="java.runtime.version" value="11.0.2+9-LTS"/>
    <property name="java.awt.graphicsenv" value="sun.awt.X11GraphicsEnvironment"/>
    <property name="os.arch" value="amd64"/>
    <property name="java.io.tmpdir" value="/tmp"/>
    <property name="line.separator" value="
"/>
    <property name="java.vm.specification.vendor" value="Oracle Corporation"/>
    <property name="os.name" value="Linux"/>
    <property name="maven.ext.class.path" value="/snap/netbeans/10/netbeans/java/maven-nblib/netbeans-eventspy.jar"/>
    <property name="classworlds.conf" value="/snap/netbeans/10/netbeans/java/maven/bin/m2.conf"/>
    <property name="sun.jnu.encoding" value="UTF-8"/>
    <property name="java.library.path" value="/usr/java/packages/lib:/usr/lib64:/lib64:/lib:/usr/lib"/>
    <property name="jdk.debug" value="release"/>
    <property name="java.class.version" value="55.0"/>
    <property name="java.specification.name" value="Java Platform API Specification"/>
    <property name="sun.management.compiler" value="HotSpot 64-Bit Tiered Compilers"/>
    <property name="os.version" value="4.15.0-55-generic"/>
    <property name="user.home" value="/home/kevin"/>
    <property name="user.timezone" value="Europe/Helsinki"/>
    <property name="java.awt.printerjob" value="sun.print.PSPrinterJob"/>
    <property name="file.encoding" value="UTF-8"/>
    <property name="java.specification.version" value="11"/>
    <property name="user.name" value="kevin"/>
    <property name="java.class.path" value="/snap/netbeans/10/netbeans/java/maven/boot/plexus-classworlds-2.5.2.jar"/>
    <property name="java.vm.specification.version" value="11"/>
    <property name="sun.arch.data.model" value="64"/>
    <property name="sun.java.command" value="org.codehaus.plexus.classworlds.launcher.Launcher -Dmaven.ext.class.path=/snap/netbeans/10/netbeans/java/maven-nblib/netbeans-eventspy.jar test"/>
    <property name="java.home" value="/usr/lib/jvm/java-11-oracle"/>
    <property name="user.language" value="en"/>
    <property name="java.specification.vendor" value="Oracle Corporation"/>
    <property name="awt.toolkit" value="sun.awt.X11.XToolkit"/>
    <property name="java.vm.info" value="mixed mode"/>
    <property name="java.version" value="11.0.2"/>
    <property name="securerandom.source" value="file:/dev/./urandom"/>
    <property name="java.vendor" value="Oracle Corporation"/>
    <property name="maven.home" value="/snap/netbeans/10/netbeans/java/maven"/>
    <property name="file.separator" value="/"/>
    <property name="java.version.date" value="2019-01-15"/>
    <property name="java.vendor.url.bug" value="http://bugreport.java.com/bugreport/"/>
    <property name="sun.io.unicode.encoding" value="UnicodeLittle"/>
    <property name="sun.cpu.endian" value="little"/>
    <property name="java.vendor.version" value="18.9"/>
    <property name="sun.desktop" value="gnome"/>
    <property name="sun.cpu.isalist" value=""/>
  </properties>
  <testcase classname="engine.MoveCheckerTest" name="rooksCanMoveHorizontally" time="0"/>
  <testcase classname="engine.MoveCheckerTest" name="queensCanMoveVertically" time="0"/>
  <testcase classname="engine.MoveCheckerTest" name="knightsCanMoveOverPieces" time="0"/>
  <testcase classname="engine.MoveCheckerTest" name="queensCannotMoveIllegally" time="0"/>
  <testcase classname="engine.MoveCheckerTest" name="bishopsCannotMoveOverPieces" time="0"/>
  <testcase classname="engine.MoveCheckerTest" name="kingsCannotMoveOverOneSpace" time="0"/>
  <testcase classname="engine.MoveCheckerTest" name="pawnsCanMoveTwoSquaresOnFirstMoveOnly" time="0"/>
  <testcase classname="engine.MoveCheckerTest" name="queensCanMoveHorizontally" time="0"/>
  <testcase classname="engine.MoveCheckerTest" name="rooksCannotMoveOverPieces" time="0"/>
  <testcase classname="engine.MoveCheckerTest" name="pawnsCanMoveOnlyInCorrectDirection" time="0"/>
  <testcase classname="engine.MoveCheckerTest" name="pawnsCannotJumpOverPieces" time="0"/>
  <testcase classname="engine.MoveCheckerTest" name="queensCannotMoveOverPiecesDiagonally" time="0"/>
  <testcase classname="engine.MoveCheckerTest" name="queensCannotMoveOverPieces" time="0"/>
  <testcase classname="engine.MoveCheckerTest" name="bishopsCanMoveDiagonally" time="0"/>
  <testcase classname="engine.MoveCheckerTest" name="bishopsCannotMoveVerticallyOrHorizontally" time="0"/>
  <testcase classname="engine.MoveCheckerTest" name="rooksCannotMoveDiagonally" time="0"/>
  <testcase classname="engine.MoveCheckerTest" name="pawnsCanMoveDiagonallyWhenCapturing" time="0"/>
  <testcase classname="engine.MoveCheckerTest" name="queensCanMoveDiagonally" time="0"/>
  <testcase classname="engine.MoveCheckerTest" name="rooksCanMoveVertically" time="0"/>
  <testcase classname="engine.MoveCheckerTest" name="kingsCanMoveOneSpace" time="0"/>
</testsuite>